{
  "RSpec": {
    "coverage": {
      "/Users/tony/Documents/RubySOA/exhaustednei/lib/project.rb": {
        "lines": [
          null,
          null,
          1,
          1,
          1,
          1,
          1,
          null,
          1,
          1,
          1,
          1,
          null,
          1,
          null,
          1,
          null,
          null,
          null,
          null,
          null,
          null,
          1,
          10,
          10,
          null,
          null,
          1,
          9,
          9,
          9,
          9,
          null,
          null,
          1,
          9,
          9,
          9,
          9,
          9,
          null,
          null,
          null,
          null,
          null,
          null,
          null,
          null,
          null,
          null,
          null,
          null,
          null,
          null,
          null,
          null,
          null,
          null,
          null,
          null,
          null,
          null,
          null,
          null,
          null,
          null,
          null,
          1,
          9,
          9,
          null,
          180,
          180,
          180,
          null,
          null,
          null,
          null,
          null,
          1,
          180,
          null,
          180,
          180,
          null,
          null,
          1,
          180,
          180,
          null,
          null,
          null
        ]
      },
      "/Users/tony/Documents/RubySOA/exhaustednei/lib/shelter.rb": {
        "lines": [
          null,
          null,
          1,
          1,
          1,
          1,
          1,
          null,
          null,
          1,
          null,
          1,
          1,
          null,
          1,
          9,
          null,
          null,
          1,
          0,
          null,
          null,
          1,
          1,
          null,
          null,
          1,
          null,
          1,
          1,
          6,
          null,
          1,
          null,
          null,
          1,
          null,
          1,
          1,
          6,
          null,
          1,
          null,
          null,
          1,
          184,
          null,
          null,
          null,
          null,
          1,
          null,
          null,
          1,
          null,
          1,
          54,
          null,
          null,
          null,
          null,
          null,
          null,
          null,
          54,
          54,
          null,
          null,
          1,
          1,
          null,
          null,
          1,
          90,
          null,
          null,
          1,
          90,
          null,
          null,
          1,
          3,
          null,
          null,
          null
        ]
      },
      "/Users/tony/Documents/RubySOA/exhaustednei/lib/animal.rb": {
        "lines": [
          null,
          null,
          1,
          1,
          1,
          1,
          1,
          null,
          null,
          1,
          1,
          null,
          null,
          null,
          1,
          90,
          null,
          null,
          1,
          91,
          null,
          null,
          1,
          1,
          null,
          null,
          1,
          90,
          null,
          null,
          1,
          1,
          null,
          null,
          1,
          0,
          null,
          null,
          1,
          0,
          null,
          null,
          1,
          0,
          null,
          null,
          1,
          0,
          null,
          null,
          1,
          0,
          null,
          null,
          1,
          0,
          null,
          null,
          null,
          1,
          null,
          null,
          null,
          1,
          90,
          null,
          null,
          1,
          90,
          null,
          null,
          1,
          0,
          null,
          null,
          1,
          90,
          null,
          null,
          1,
          0,
          null,
          null,
          1,
          0,
          null,
          null,
          1,
          0,
          null,
          null,
          1,
          0,
          null,
          null,
          1,
          0,
          null,
          null,
          1,
          0,
          null,
          null,
          1,
          0,
          null,
          null,
          null
        ]
      },
      "/Users/tony/Documents/RubySOA/exhaustednei/lib/util.rb": {
        "lines": [
          null,
          null,
          1,
          1,
          null,
          1,
          null,
          1,
          1,
          180,
          180,
          5040,
          null,
          null,
          180,
          null,
          null,
          1,
          180,
          180,
          5040,
          null,
          null,
          180,
          null,
          null,
          1,
          180,
          180,
          90,
          null,
          90,
          null,
          180,
          null,
          null,
          1,
          null,
          null,
          null,
          180,
          180,
          180,
          null,
          null,
          null
        ]
      }
    },
    "timestamp": 1698513829
  }
}
